2024-11-27 04:06:26 [main] INFO  menus.Main - Програму запущено
2024-11-27 04:06:32 [main] INFO  menus.Main - Користувач натиснув (2) вибрати існуючий подарунок
2024-11-27 04:06:42 [main] INFO  menus.Main - Користувач натиснув (1) створити подарунок
2024-11-27 04:06:50 [main] INFO  menus.Main - а
2024-11-27 04:06:58 [main] INFO  menus.Main - Користувач натиснув (1) Додати солодощі до подарунку
2024-11-27 04:07:11 [main] INFO  menus.Main - б
2024-11-27 04:07:19 [main] INFO  menus.Main - Користувач натиснув (1) Додати солодощі до подарунку
2024-11-27 04:07:24 [main] INFO  menus.Main - в
2024-11-27 04:07:32 [main] INFO  menus.Main - Користувач натиснув (1) Додати солодощі до подарунку
2024-11-27 04:07:35 [main] INFO  menus.Main - Користувач натиснув (2) Відсортувати солодощі за вмістом цукру
2024-11-27 04:07:36 [main] INFO  menus.Main - Користувач натиснув (4) Відобразити всі солодощі
2024-11-27 04:07:39 [main] INFO  menus.Main - Користувач натиснув (3) Знайти солодощі за заданим діапазоном цукру
2024-11-27 04:07:44 [main] INFO  menus.Main - Користувач натиснув (5) Відобразити загальну вагу солодощів у подарунку
2024-11-27 04:07:45 [main] INFO  menus.Main - Користувач натиснув (6) Повернутись до головного меню
2024-11-27 04:07:45 [main] INFO  menus.Main - Користувач натиснув (2) вибрати існуючий подарунок
2024-11-27 04:27:51 [main] INFO  menus.Main - Програму запущено
2024-11-27 04:27:51 [main] INFO  menus.Main - Файл пропозицій подарунків створено/оновлено успішно.
2024-11-27 04:27:55 [main] INFO  menus.Main - Розпочато створення нового подарунка.
2024-11-27 04:28:00 [main] INFO  menus.Main - Користувач ввів назву подарунка: a
2024-11-27 04:28:00 [main] INFO  menus.Main - Новий подарунок створено: a
2024-11-27 04:28:00 [main] INFO  menus.Main - Користувач натиснув (1) Створити новий подарунок
2024-11-27 04:28:05 [main] INFO  menus.Main - Читання пропозицій подарунків з файлу...
2024-11-27 04:28:05 [main] INFO  menus.Main - Завантажено пропозицій подарунків: 4
2024-11-27 04:28:05 [main] INFO  menus.Main - Доступні пропозиції подарунків: 4
2024-11-27 04:28:07 [main] INFO  menus.Main - Користувач обрав подарунок: Gift1
2024-11-27 04:28:07 [main] INFO  menus.Main - Подарунок додано до списку: Gift1
2024-11-27 04:28:07 [main] INFO  menus.Main - Користувач натиснув (3) Переглянути пропозиції подарунків
2024-11-27 04:28:08 [main] INFO  menus.Main - Користувачу відображено список доступних подарунків:
2024-11-27 04:28:08 [main] INFO  menus.Main - Доступний подарунок: a
2024-11-27 04:28:39 [main] INFO  menus.Main - Користувач ввів назву подарунка: a
2024-11-27 04:28:39 [main] INFO  menus.Main - Користувач успішно вибрав подарунок: a
2024-11-27 04:28:59 [main] INFO  menus.Main - qwe
2024-11-27 04:29:06 [main] INFO  menus.Main - Додано солодощі: black {Назва='qwe', Смак='Шоколад', Вага=200.0гр., Вміст цукру=30.0%}
2024-11-27 04:29:06 [main] INFO  menus.Main - Користувач натиснув (1) Додати солодощі до подарунку для подарунка: null
2024-11-27 04:29:11 [main] INFO  menus.Main - ewq
2024-11-27 04:29:22 [main] INFO  menus.Main - Додано солодощі: pink {Назва='ewq', Смак='Мармелад', Вага=150.0гр., Вміст цукру=50.0%}
2024-11-27 04:29:22 [main] INFO  menus.Main - Користувач натиснув (1) Додати солодощі до подарунку для подарунка: null
2024-11-27 04:29:25 [main] INFO  menus.Main - wqe
2024-11-27 04:29:40 [main] INFO  menus.Main - Додано солодощі: brownie {Назва='wqe', Смак='Печиво', Вага=300.0гр., Вміст цукру=10.0%}
2024-11-27 04:29:40 [main] INFO  menus.Main - Користувач натиснув (1) Додати солодощі до подарунку для подарунка: null
2024-11-27 04:29:43 [main] INFO  menus.Main - Розпочато сортування солодощів за вмістом цукру...
2024-11-27 04:29:43 [main] INFO  menus.Main - До сортування: [black {Назва='qwe', Смак='Шоколад', Вага=200.0гр., Вміст цукру=30.0%}, pink {Назва='ewq', Смак='Мармелад', Вага=150.0гр., Вміст цукру=50.0%}, brownie {Назва='wqe', Смак='Печиво', Вага=300.0гр., Вміст цукру=10.0%}]
2024-11-27 04:29:43 [main] INFO  menus.Main - Після сортування: [brownie {Назва='wqe', Смак='Печиво', Вага=300.0гр., Вміст цукру=10.0%}, black {Назва='qwe', Смак='Шоколад', Вага=200.0гр., Вміст цукру=30.0%}, pink {Назва='ewq', Смак='Мармелад', Вага=150.0гр., Вміст цукру=50.0%}]
2024-11-27 04:29:43 [main] INFO  menus.Main - Користувач натиснув (2) Відсортувати солодощі за вмістом цукру для подарунка: null
2024-11-27 04:29:47 [main] INFO  menus.Main - DisplaySweetsCommand створено для подарунка.
2024-11-27 04:29:47 [main] INFO  menus.Main - Виконується відображення солодощів у подарунку.
2024-11-27 04:29:47 [main] INFO  menus.Main - Солодощі: brownie {Назва='wqe', Смак='Печиво', Вага=300.0гр., Вміст цукру=10.0%}
2024-11-27 04:29:47 [main] INFO  menus.Main - Солодощі: black {Назва='qwe', Смак='Шоколад', Вага=200.0гр., Вміст цукру=30.0%}
2024-11-27 04:29:47 [main] INFO  menus.Main - Солодощі: pink {Назва='ewq', Смак='Мармелад', Вага=150.0гр., Вміст цукру=50.0%}
2024-11-27 04:29:47 [main] INFO  menus.Main - Користувач натиснув (4) Відобразити всі солодощі для подарунка: null
2024-11-27 04:29:52 [main] INFO  menus.Main - FindSweetBySugarCommand створено для подарунка.
2024-11-27 04:29:55 [main] INFO  menus.Main - Користувач ввів мінімальний вміст цукру: 10.0
2024-11-27 04:29:56 [main] INFO  menus.Main - Користувач ввів максимальний вміст цукру: 40.0
2024-11-27 04:29:56 [main] INFO  menus.Main - Знайдено солодощі у заданому діапазоні: [brownie {Назва='wqe', Смак='Печиво', Вага=300.0гр., Вміст цукру=10.0%}, black {Назва='qwe', Смак='Шоколад', Вага=200.0гр., Вміст цукру=30.0%}]
2024-11-27 04:29:56 [main] INFO  menus.Main - Користувач натиснув (3) Знайти солодощі за заданим діапазоном цукру для подарунка: null
2024-11-27 04:30:00 [main] INFO  menus.Main - Обчислення загальної ваги подарунка...
2024-11-27 04:30:00 [main] INFO  menus.Main - Загальна вага подарунка: 650.0 г.
2024-11-27 04:30:00 [main] INFO  menus.Main - Користувач натиснув (5) Відобразити загальну вагу солодощів для подарунка: null
2024-11-27 04:30:01 [main] INFO  menus.Main - Користувач натиснув (6) Повернутись до головного меню
2024-11-27 04:30:01 [main] INFO  menus.Main - Користувач натиснув (2) Вибрати існуючий подарунок
2024-11-27 04:30:04 [main] INFO  menus.Main - Користувач натиснув (4) Вихід з програми
2024-11-27 11:05:02 [main] INFO  menus.Main - Програму запущено
2024-11-27 11:05:02 [main] INFO  menus.Main - Файл пропозицій подарунків створено/оновлено успішно.
2024-11-27 11:05:05 [main] ERROR menus.Main - Критична помилка при виконанні команди в головному меню
java.util.InputMismatchException: null
	at java.util.Scanner.throwFor(Scanner.java:964) ~[?:?]
	at java.util.Scanner.next(Scanner.java:1619) ~[?:?]
	at java.util.Scanner.nextInt(Scanner.java:2284) ~[?:?]
	at java.util.Scanner.nextInt(Scanner.java:2238) ~[?:?]
	at menus.Menu.showMenu(Menu.java:23) ~[classes/:?]
	at menus.Main.main(Main.java:15) ~[classes/:?]
2024-11-27 11:06:29 [main] INFO  menus.Main - Програму запущено
2024-11-27 11:06:29 [main] INFO  menus.Main - Файл пропозицій подарунків створено/оновлено успішно.
2024-11-27 11:06:32 [main] INFO  menus.Main - Розпочато створення нового подарунка.
2024-11-27 11:06:38 [main] INFO  menus.Main - Користувач ввів назву подарунка: a
2024-11-27 11:06:38 [main] INFO  menus.Main - Новий подарунок створено: a
2024-11-27 11:06:38 [main] INFO  menus.Main - Користувач натиснув (1) Створити новий подарунок
2024-11-27 11:06:40 [main] INFO  menus.Main - Розпочато створення нового подарунка.
2024-11-27 11:06:46 [main] INFO  menus.Main - Користувач ввів назву подарунка: 2
2024-11-27 11:06:46 [main] INFO  menus.Main - Новий подарунок створено: 2
2024-11-27 11:06:46 [main] INFO  menus.Main - Користувач натиснув (1) Створити новий подарунок
2024-11-27 11:06:49 [main] INFO  menus.Main - Користувачу відображено список доступних подарунків:
2024-11-27 11:06:49 [main] INFO  menus.Main - Доступний подарунок: a
2024-11-27 11:06:49 [main] INFO  menus.Main - Доступний подарунок: 2
2024-11-27 11:06:52 [main] INFO  menus.Main - Користувач ввів назву подарунка: 1
2024-11-27 11:06:52 [main] WARN  menus.Main - Користувач ввів неправильну назву подарунка: 1
2024-11-27 11:06:52 [main] INFO  menus.Main - Користувач натиснув (2) Вибрати існуючий подарунок
2024-11-27 11:06:57 [main] ERROR menus.Main - Критична помилка при виконанні команди в головному меню
java.util.InputMismatchException: null
	at java.util.Scanner.throwFor(Scanner.java:964) ~[?:?]
	at java.util.Scanner.next(Scanner.java:1619) ~[?:?]
	at java.util.Scanner.nextInt(Scanner.java:2284) ~[?:?]
	at java.util.Scanner.nextInt(Scanner.java:2238) ~[?:?]
	at menus.Menu.showMenu(Menu.java:23) ~[classes/:?]
	at menus.Main.main(Main.java:15) ~[classes/:?]
2024-11-27 11:09:03 [main] INFO  menus.Main - Програму запущено
2024-11-27 11:09:03 [main] INFO  menus.Main - Файл пропозицій подарунків створено/оновлено успішно.
2024-11-27 11:09:57 [main] ERROR menus.Main - Критична помилка при виконанні команди в головному меню
java.util.InputMismatchException: null
	at java.util.Scanner.throwFor(Scanner.java:964) ~[?:?]
	at java.util.Scanner.next(Scanner.java:1619) ~[?:?]
	at java.util.Scanner.nextInt(Scanner.java:2284) ~[?:?]
	at java.util.Scanner.nextInt(Scanner.java:2238) ~[?:?]
	at menus.Menu.showMenu(Menu.java:23) ~[classes/:?]
	at menus.Main.main(Main.java:15) ~[classes/:?]
2024-11-27 11:09:59 [main] ERROR menus.Main - Критична помилка у програмі: / by zero
2024-11-27 11:10:49 [main] INFO  menus.Main - Програму запущено
2024-11-27 11:10:49 [main] INFO  menus.Main - Файл пропозицій подарунків створено/оновлено успішно.
2024-11-27 11:10:52 [main] INFO  menus.Main - Спроба вибору подарунка, але список подарунків порожній.
2024-11-27 11:10:52 [main] INFO  menus.Main - Користувач натиснув (2) Вибрати існуючий подарунок
2024-11-27 11:10:55 [main] INFO  menus.Main - Читання пропозицій подарунків з файлу...
2024-11-27 11:10:55 [main] INFO  menus.Main - Завантажено пропозицій подарунків: 4
2024-11-27 11:10:55 [main] INFO  menus.Main - Доступні пропозиції подарунків: 4
2024-11-27 11:10:57 [main] INFO  menus.Main - Користувач обрав подарунок: Gift1
2024-11-27 11:10:57 [main] INFO  menus.Main - Подарунок додано до списку: Gift1
2024-11-27 11:10:57 [main] INFO  menus.Main - Користувач натиснув (3) Переглянути пропозиції подарунків
2024-11-27 11:10:58 [main] INFO  menus.Main - Спроба вибору подарунка, але список подарунків порожній.
2024-11-27 11:10:58 [main] INFO  menus.Main - Користувач натиснув (2) Вибрати існуючий подарунок
2024-11-27 11:11:15 [main] ERROR menus.Main - Критична помилка при виконанні команди в головному меню
java.util.InputMismatchException: null
	at java.util.Scanner.throwFor(Scanner.java:964) ~[?:?]
	at java.util.Scanner.next(Scanner.java:1619) ~[?:?]
	at java.util.Scanner.nextInt(Scanner.java:2284) ~[?:?]
	at java.util.Scanner.nextInt(Scanner.java:2238) ~[?:?]
	at menus.Menu.showMenu(Menu.java:23) ~[classes/:?]
	at menus.Main.main(Main.java:15) ~[classes/:?]
2024-11-27 11:11:18 [main] ERROR menus.Main - Критична помилка у програмі: / by zero
2024-11-27 11:14:08 [main] INFO  menus.Main - Програму запущено
2024-11-27 11:14:08 [main] INFO  menus.Main - Файл пропозицій подарунків створено/оновлено успішно.
2024-11-27 11:14:10 [main] ERROR menus.Main - Критична помилка у програмі: 
java.util.InputMismatchException: null
	at java.util.Scanner.throwFor(Scanner.java:964) ~[?:?]
	at java.util.Scanner.next(Scanner.java:1619) ~[?:?]
	at java.util.Scanner.nextInt(Scanner.java:2284) ~[?:?]
	at java.util.Scanner.nextInt(Scanner.java:2238) ~[?:?]
	at menus.Menu.showMenu(Menu.java:22) ~[classes/:?]
	at menus.Main.main(Main.java:15) ~[classes/:?]
2024-11-27 11:15:24 [main] INFO  menus.Main - Програму запущено
2024-11-27 11:15:24 [main] INFO  menus.Main - Файл пропозицій подарунків створено/оновлено успішно.
2024-11-27 11:15:28 [main] ERROR menus.Main - Критична помилка у програмі: 
java.util.InputMismatchException: null
	at java.util.Scanner.throwFor(Scanner.java:964) ~[?:?]
	at java.util.Scanner.next(Scanner.java:1619) ~[?:?]
	at java.util.Scanner.nextInt(Scanner.java:2284) ~[?:?]
	at java.util.Scanner.nextInt(Scanner.java:2238) ~[?:?]
	at menus.Menu.showMenu(Menu.java:22) ~[classes/:?]
	at menus.Main.main(Main.java:15) ~[classes/:?]
2024-11-27 20:53:53 [main] INFO  menus.Main - Програму запущено
2024-11-27 20:53:53 [main] ERROR menus.Main - Я тебе люблю
2024-11-27 20:53:56 [main] INFO  menus.Main - Файл пропозицій подарунків створено/оновлено успішно.
2024-12-17 16:48:52 [main] INFO  menus.Main - Програму запущено
2024-12-17 16:48:52 [main] INFO  menus.Main - Файл пропозицій подарунків створено/оновлено успішно.
2024-12-17 16:49:02 [main] INFO  menus.Main - Читання пропозицій подарунків з файлу...
2024-12-17 16:49:02 [main] INFO  menus.Main - Завантажено пропозицій подарунків: 4
2024-12-17 16:49:02 [main] INFO  menus.Main - Доступні пропозиції подарунків: 4
2024-12-17 16:49:09 [main] INFO  menus.Main - Користувач обрав подарунок: Gift1
2024-12-17 16:49:09 [main] INFO  menus.Main - Подарунок додано до списку: Gift1
2024-12-17 16:49:09 [main] INFO  menus.Main - Користувач натиснув (3) Переглянути пропозиції подарунків
2024-12-17 16:49:17 [main] INFO  menus.Main - Спроба вибору подарунка, але список подарунків порожній.
2024-12-17 16:49:17 [main] INFO  menus.Main - Користувач натиснув (2) Вибрати існуючий подарунок
2024-12-17 16:49:59 [main] INFO  menus.Main - Розпочато створення нового подарунка.
2024-12-17 16:50:11 [main] INFO  menus.Main - Користувач ввів назву подарунка: Мій подарунок
2024-12-17 16:50:11 [main] INFO  menus.Main - Новий подарунок створено: Мій подарунок
2024-12-17 16:50:11 [main] INFO  menus.Main - Користувач натиснув (1) Створити новий подарунок
2024-12-17 16:50:27 [main] INFO  menus.Main - Користувачу відображено список доступних подарунків:
2024-12-17 16:50:27 [main] INFO  menus.Main - Доступний подарунок: Мій подарунок
2024-12-17 16:50:40 [main] INFO  menus.Main - Користувач ввів назву подарунка: Мій подарунок
2024-12-17 16:50:40 [main] INFO  menus.Main - Користувач успішно вибрав подарунок: Мій подарунок
2024-12-17 16:51:25 [main] INFO  menus.Main - Ромашка
2024-12-17 16:51:44 [main] INFO  menus.Main - Додано солодощі: ромашковий {Назва='Ромашка', Смак='Цукерка', Вага=200.0гр., Вміст цукру=35.0%}
2024-12-17 16:51:44 [main] INFO  menus.Main - Користувач натиснув (1) Додати солодощі до подарунку для подарунка: null
2024-12-17 16:51:57 [main] INFO  menus.Main - Мак
2024-12-17 16:52:20 [main] INFO  menus.Main - Додано солодощі: маковий {Назва='Мак', Смак='Цукерка', Вага=350.0гр., Вміст цукру=30.0%}
2024-12-17 16:52:20 [main] INFO  menus.Main - Користувач натиснув (1) Додати солодощі до подарунку для подарунка: null
2024-12-17 16:52:46 [main] INFO  menus.Main - YummyGummy
2024-12-17 16:53:03 [main] INFO  menus.Main - Додано солодощі: молочний {Назва='YummyGummy', Смак='Мармелад', Вага=500.0гр., Вміст цукру=40.0%}
2024-12-17 16:53:03 [main] INFO  menus.Main - Користувач натиснув (1) Додати солодощі до подарунку для подарунка: null
2024-12-17 17:01:04 [main] INFO  menus.Main - DisplaySweetsCommand створено для подарунка.
2024-12-17 17:01:04 [main] INFO  menus.Main - Виконується відображення солодощів у подарунку.
2024-12-17 17:01:04 [main] INFO  menus.Main - Солодощі: ромашковий {Назва='Ромашка', Смак='Цукерка', Вага=200.0гр., Вміст цукру=35.0%}
2024-12-17 17:01:04 [main] INFO  menus.Main - Солодощі: маковий {Назва='Мак', Смак='Цукерка', Вага=350.0гр., Вміст цукру=30.0%}
2024-12-17 17:01:04 [main] INFO  menus.Main - Солодощі: молочний {Назва='YummyGummy', Смак='Мармелад', Вага=500.0гр., Вміст цукру=40.0%}
2024-12-17 17:01:04 [main] INFO  menus.Main - Користувач натиснув (4) Відобразити всі солодощі для подарунка: null
2024-12-17 17:01:59 [main] INFO  menus.Main - FindSweetBySugarCommand створено для подарунка.
2024-12-17 17:02:08 [main] INFO  menus.Main - Користувач ввів мінімальний вміст цукру: 35.0
2024-12-17 17:02:10 [main] INFO  menus.Main - Користувач ввів максимальний вміст цукру: 55.0
2024-12-17 17:02:10 [main] INFO  menus.Main - Знайдено солодощі у заданому діапазоні: [ромашковий {Назва='Ромашка', Смак='Цукерка', Вага=200.0гр., Вміст цукру=35.0%}, молочний {Назва='YummyGummy', Смак='Мармелад', Вага=500.0гр., Вміст цукру=40.0%}]
2024-12-17 17:02:10 [main] INFO  menus.Main - Користувач натиснув (3) Знайти солодощі за заданим діапазоном цукру для подарунка: null
2024-12-17 17:03:14 [main] INFO  menus.Main - Розпочато сортування солодощів за вмістом цукру...
2024-12-17 17:03:14 [main] INFO  menus.Main - До сортування: [ромашковий {Назва='Ромашка', Смак='Цукерка', Вага=200.0гр., Вміст цукру=35.0%}, маковий {Назва='Мак', Смак='Цукерка', Вага=350.0гр., Вміст цукру=30.0%}, молочний {Назва='YummyGummy', Смак='Мармелад', Вага=500.0гр., Вміст цукру=40.0%}]
2024-12-17 17:03:14 [main] INFO  menus.Main - Після сортування: [маковий {Назва='Мак', Смак='Цукерка', Вага=350.0гр., Вміст цукру=30.0%}, ромашковий {Назва='Ромашка', Смак='Цукерка', Вага=200.0гр., Вміст цукру=35.0%}, молочний {Назва='YummyGummy', Смак='Мармелад', Вага=500.0гр., Вміст цукру=40.0%}]
2024-12-17 17:03:14 [main] INFO  menus.Main - Користувач натиснув (2) Відсортувати солодощі за вмістом цукру для подарунка: null
2024-12-17 17:03:18 [main] INFO  menus.Main - DisplaySweetsCommand створено для подарунка.
2024-12-17 17:03:18 [main] INFO  menus.Main - Виконується відображення солодощів у подарунку.
2024-12-17 17:03:18 [main] INFO  menus.Main - Солодощі: маковий {Назва='Мак', Смак='Цукерка', Вага=350.0гр., Вміст цукру=30.0%}
2024-12-17 17:03:18 [main] INFO  menus.Main - Солодощі: ромашковий {Назва='Ромашка', Смак='Цукерка', Вага=200.0гр., Вміст цукру=35.0%}
2024-12-17 17:03:18 [main] INFO  menus.Main - Солодощі: молочний {Назва='YummyGummy', Смак='Мармелад', Вага=500.0гр., Вміст цукру=40.0%}
2024-12-17 17:03:18 [main] INFO  menus.Main - Користувач натиснув (4) Відобразити всі солодощі для подарунка: null
2024-12-17 17:03:43 [main] INFO  menus.Main - Обчислення загальної ваги подарунка...
2024-12-17 17:03:43 [main] INFO  menus.Main - Загальна вага подарунка: 1050.0 г.
2024-12-17 17:03:43 [main] INFO  menus.Main - Користувач натиснув (5) Відобразити загальну вагу солодощів для подарунка: null
2024-12-17 17:04:08 [main] INFO  menus.Main - Користувач натиснув (6) Повернутись до головного меню
2024-12-17 17:04:08 [main] INFO  menus.Main - Користувач натиснув (2) Вибрати існуючий подарунок
2024-12-17 17:04:41 [main] INFO  menus.Main - Користувачу відображено список доступних подарунків:
2024-12-17 17:04:41 [main] INFO  menus.Main - Доступний подарунок: Мій подарунок
2024-12-17 17:04:44 [main] INFO  menus.Main - Користувач ввів назву подарунка: 4
2024-12-17 17:04:44 [main] WARN  menus.Main - Користувач ввів неправильну назву подарунка: 4
2024-12-17 17:04:44 [main] INFO  menus.Main - Користувач натиснув (2) Вибрати існуючий подарунок
2024-12-17 17:04:48 [main] INFO  menus.Main - Користувач натиснув (4) Вихід з програми
